Starting autocommit script...
[main db2ef21] Update autocommit.log - 1763823532
 1 file changed, 1 insertion(+)
 create mode 100644 autocommit.log
Committed autocommit.log
[main 131e958] Update scripts/ - 1763823532
 1 file changed, 31 insertions(+)
 create mode 100755 scripts/autocommit.sh
Committed scripts/
[main f13374c] Update autocommit.log - 1763823537
 1 file changed, 8 insertions(+)
Committed autocommit.log
[main 0b677ee] Update autocommit.log - 1763823542
 1 file changed, 3 insertions(+)
Committed autocommit.log
[main 7435341] Update autocommit.log - 1763823547
 1 file changed, 3 insertions(+)
Committed autocommit.log
[main bf8e5ae] Update autocommit.log - 1763823552
 1 file changed, 3 insertions(+)
Committed autocommit.log
